WARNING:absl:No GPU/TPU found, falling back to CPU. (Set TF_CPP_MIN_LOG_LEVEL=0 and rerun for more info.)
Please notice that not all, but some of the representations require
their dimensionality to be changed according to the molecule as otherwise no proper
numeric derivative can be taken. This variable can be changed inside the
representation_ZRN.py file
len of compoundlist: 3993
len of compoundlist used for this run: 3993
time start to compounds:  3.4048776626586914
your results are stored to ./Pickled/Kernel_Results/
trainin/test split: 0.002040386199951172
kernel matrix: 0.08453965187072754
alphas calculation: 0.0018951892852783203
calculating new properties
raw data was saved to  ./tmp/rawdata_rep0_sigma80_lamda0.000000_set5.dat
trainin/test split: 0.0017018318176269531
kernel matrix: 0.035910844802856445
alphas calculation: 0.00012159347534179688
calculating new properties
raw data was saved to  ./tmp/rawdata_rep0_sigma80_lamda0.000000_set10.dat
trainin/test split: 0.0016312599182128906
kernel matrix: 0.24166536331176758
alphas calculation: 0.00018525123596191406
calculating new properties
raw data was saved to  ./tmp/rawdata_rep0_sigma80_lamda0.000000_set25.dat
trainin/test split: 0.0017235279083251953
kernel matrix: 1.9693572521209717
alphas calculation: 0.07236814498901367
calculating new properties
raw data was saved to  ./tmp/rawdata_rep0_sigma80_lamda0.000000_set70.dat
trainin/test split: 0.0015866756439208984
kernel matrix: 5.563310384750366
alphas calculation: 0.022052526473999023
calculating new properties
raw data was saved to  ./tmp/rawdata_rep0_sigma80_lamda0.000000_set120.dat
trainin/test split: 0.0016522407531738281
kernel matrix: 35.47543454170227
alphas calculation: 0.6558530330657959
calculating new properties
raw data was saved to  ./tmp/rawdata_rep0_sigma80_lamda0.000000_set300.dat
trainin/test split: 0.0017657279968261719
kernel matrix: 139.83179593086243
alphas calculation: 1.2013797760009766
calculating new properties
raw data was saved to  ./tmp/rawdata_rep0_sigma80_lamda0.000000_set600.dat
trainin/test split: 0.0015587806701660156
kernel matrix: 899.70130610466
alphas calculation: 0.6811296939849854
calculating new properties
raw data was saved to  ./tmp/rawdata_rep0_sigma80_lamda0.000000_set1500.dat
trainin/test split: 0.0017871856689453125
kernel matrix: 3628.064785003662
alphas calculation: 2.777078866958618
calculating new properties
raw data was saved to  ./tmp/rawdata_rep0_sigma80_lamda0.000000_set3000.dat
trainin/test split: 0.0015957355499267578
kernel matrix: 0.009493589401245117
alphas calculation: 0.00024247169494628906
calculating new properties
raw data was saved to  ./tmp/rawdata_rep0_sigma100_lamda0.000000_set5.dat
trainin/test split: 0.0018680095672607422
kernel matrix: 0.04160475730895996
alphas calculation: 9.703636169433594e-05
calculating new properties
raw data was saved to  ./tmp/rawdata_rep0_sigma100_lamda0.000000_set10.dat
trainin/test split: 0.001773834228515625
kernel matrix: 0.2558612823486328
alphas calculation: 0.00016307830810546875
calculating new properties
raw data was saved to  ./tmp/rawdata_rep0_sigma100_lamda0.000000_set25.dat
trainin/test split: 0.0018191337585449219
kernel matrix: 1.9972662925720215
alphas calculation: 0.015263557434082031
calculating new properties
raw data was saved to  ./tmp/rawdata_rep0_sigma100_lamda0.000000_set70.dat
trainin/test split: 0.0017507076263427734
kernel matrix: 5.705856561660767
alphas calculation: 0.10262465476989746
calculating new properties
raw data was saved to  ./tmp/rawdata_rep0_sigma100_lamda0.000000_set120.dat
trainin/test split: 0.0016705989837646484
kernel matrix: 36.73406267166138
alphas calculation: 0.06690430641174316
calculating new properties
raw data was saved to  ./tmp/rawdata_rep0_sigma100_lamda0.000000_set300.dat
trainin/test split: 0.0018966197967529297
kernel matrix: 143.51475381851196
alphas calculation: 0.8872418403625488
calculating new properties
raw data was saved to  ./tmp/rawdata_rep0_sigma100_lamda0.000000_set600.dat
trainin/test split: 0.0018439292907714844
kernel matrix: 891.4453074932098
alphas calculation: 1.1662013530731201
calculating new properties
raw data was saved to  ./tmp/rawdata_rep0_sigma100_lamda0.000000_set1500.dat
trainin/test split: 0.0017936229705810547
kernel matrix: 3574.6584181785583
alphas calculation: 0.9734294414520264
calculating new properties
raw data was saved to  ./tmp/rawdata_rep0_sigma100_lamda0.000000_set3000.dat
trainin/test split: 0.001703023910522461
kernel matrix: 0.01073455810546875
alphas calculation: 0.0003337860107421875
calculating new properties
raw data was saved to  ./tmp/rawdata_rep0_sigma120_lamda0.000000_set5.dat
trainin/test split: 0.0017523765563964844
kernel matrix: 0.03785204887390137
alphas calculation: 0.00011181831359863281
calculating new properties
raw data was saved to  ./tmp/rawdata_rep0_sigma120_lamda0.000000_set10.dat
trainin/test split: 0.0017819404602050781
kernel matrix: 0.24878978729248047
alphas calculation: 0.0001671314239501953
calculating new properties
raw data was saved to  ./tmp/rawdata_rep0_sigma120_lamda0.000000_set25.dat
trainin/test split: 0.001783609390258789
kernel matrix: 1.9413282871246338
alphas calculation: 0.0027322769165039062
calculating new properties
raw data was saved to  ./tmp/rawdata_rep0_sigma120_lamda0.000000_set70.dat
trainin/test split: 0.0018048286437988281
kernel matrix: 5.7690088748931885
alphas calculation: 0.15731191635131836
calculating new properties
raw data was saved to  ./tmp/rawdata_rep0_sigma120_lamda0.000000_set120.dat
trainin/test split: 0.0017430782318115234
kernel matrix: 35.20987153053284
alphas calculation: 0.5510096549987793
calculating new properties
raw data was saved to  ./tmp/rawdata_rep0_sigma120_lamda0.000000_set300.dat
trainin/test split: 0.0017621517181396484
kernel matrix: 144.9466404914856
alphas calculation: 1.4417870044708252
calculating new properties
raw data was saved to  ./tmp/rawdata_rep0_sigma120_lamda0.000000_set600.dat
trainin/test split: 0.0018000602722167969
kernel matrix: 898.7109527587891
alphas calculation: 2.248913288116455
calculating new properties
raw data was saved to  ./tmp/rawdata_rep0_sigma120_lamda0.000000_set1500.dat
trainin/test split: 0.0018458366394042969
kernel matrix: 3591.2508985996246
alphas calculation: 1.4625298976898193
calculating new properties
raw data was saved to  ./tmp/rawdata_rep0_sigma120_lamda0.000000_set3000.dat
trainin/test split: 0.0016255378723144531
kernel matrix: 0.0096282958984375
alphas calculation: 0.0002760887145996094
calculating new properties
raw data was saved to  ./tmp/rawdata_rep0_sigma140_lamda0.000000_set5.dat
trainin/test split: 0.0017712116241455078
kernel matrix: 0.0379941463470459
alphas calculation: 9.799003601074219e-05
calculating new properties
raw data was saved to  ./tmp/rawdata_rep0_sigma140_lamda0.000000_set10.dat
trainin/test split: 0.0018324851989746094
kernel matrix: 0.253035306930542
alphas calculation: 0.00016641616821289062
calculating new properties
raw data was saved to  ./tmp/rawdata_rep0_sigma140_lamda0.000000_set25.dat
trainin/test split: 0.0017309188842773438
kernel matrix: 1.877938985824585
alphas calculation: 0.04636979103088379
calculating new properties
raw data was saved to  ./tmp/rawdata_rep0_sigma140_lamda0.000000_set70.dat
trainin/test split: 0.0017392635345458984
kernel matrix: 5.61847186088562
alphas calculation: 0.22781658172607422
calculating new properties
raw data was saved to  ./tmp/rawdata_rep0_sigma140_lamda0.000000_set120.dat
trainin/test split: 0.0018620491027832031
kernel matrix: 36.92880463600159
alphas calculation: 0.014998197555541992
calculating new properties
raw data was saved to  ./tmp/rawdata_rep0_sigma140_lamda0.000000_set300.dat
trainin/test split: 0.001649618148803711
kernel matrix: 141.36074352264404
alphas calculation: 1.021106243133545
calculating new properties
raw data was saved to  ./tmp/rawdata_rep0_sigma140_lamda0.000000_set600.dat
trainin/test split: 0.0018932819366455078
kernel matrix: 896.0609409809113
alphas calculation: 0.636469841003418
calculating new properties
raw data was saved to  ./tmp/rawdata_rep0_sigma140_lamda0.000000_set1500.dat
trainin/test split: 0.0017735958099365234
kernel matrix: 3580.770123720169
alphas calculation: 1.5087950229644775
calculating new properties
raw data was saved to  ./tmp/rawdata_rep0_sigma140_lamda0.000000_set3000.dat
round 1 successfully finished
trainin/test split: 0.00162506103515625
kernel matrix: 0.009585380554199219
alphas calculation: 0.0002701282501220703
calculating new properties
raw data was saved to  ./tmp/rawdata_rep1_sigma80_lamda0.000000_set5.dat
trainin/test split: 0.0017926692962646484
kernel matrix: 0.04021787643432617
alphas calculation: 0.00011157989501953125
calculating new properties
raw data was saved to  ./tmp/rawdata_rep1_sigma80_lamda0.000000_set10.dat
trainin/test split: 0.0018188953399658203
kernel matrix: 0.25565028190612793
alphas calculation: 0.00015854835510253906
calculating new properties
raw data was saved to  ./tmp/rawdata_rep1_sigma80_lamda0.000000_set25.dat
trainin/test split: 0.001786947250366211
kernel matrix: 1.8804051876068115
alphas calculation: 0.012882471084594727
calculating new properties
raw data was saved to  ./tmp/rawdata_rep1_sigma80_lamda0.000000_set70.dat
trainin/test split: 0.0016951560974121094
kernel matrix: 5.924102783203125
alphas calculation: 0.020555734634399414
calculating new properties
raw data was saved to  ./tmp/rawdata_rep1_sigma80_lamda0.000000_set120.dat
trainin/test split: 0.0018024444580078125
kernel matrix: 37.777485370635986
alphas calculation: 0.2665379047393799
calculating new properties
raw data was saved to  ./tmp/rawdata_rep1_sigma80_lamda0.000000_set300.dat
trainin/test split: 0.0018360614776611328
kernel matrix: 147.0222384929657
alphas calculation: 1.2618248462677002
calculating new properties
raw data was saved to  ./tmp/rawdata_rep1_sigma80_lamda0.000000_set600.dat
trainin/test split: 0.0017867088317871094
kernel matrix: 904.3471441268921
alphas calculation: 1.7746033668518066
calculating new properties
raw data was saved to  ./tmp/rawdata_rep1_sigma80_lamda0.000000_set1500.dat
trainin/test split: 0.0017311573028564453
kernel matrix: 3591.9074223041534
alphas calculation: 0.8894381523132324
calculating new properties
raw data was saved to  ./tmp/rawdata_rep1_sigma80_lamda0.000000_set3000.dat
trainin/test split: 0.0016467571258544922
kernel matrix: 0.009573698043823242
alphas calculation: 0.00025343894958496094
calculating new properties
raw data was saved to  ./tmp/rawdata_rep1_sigma100_lamda0.000000_set5.dat
trainin/test split: 0.0018436908721923828
kernel matrix: 0.0412294864654541
alphas calculation: 0.00010752677917480469
calculating new properties
raw data was saved to  ./tmp/rawdata_rep1_sigma100_lamda0.000000_set10.dat
trainin/test split: 0.0018188953399658203
kernel matrix: 0.2565951347351074
alphas calculation: 0.00015735626220703125
calculating new properties
raw data was saved to  ./tmp/rawdata_rep1_sigma100_lamda0.000000_set25.dat
trainin/test split: 0.0019054412841796875
kernel matrix: 2.0076963901519775
alphas calculation: 0.00945425033569336
calculating new properties
raw data was saved to  ./tmp/rawdata_rep1_sigma100_lamda0.000000_set70.dat
trainin/test split: 0.0017817020416259766
kernel matrix: 5.672849893569946
alphas calculation: 0.03936433792114258
calculating new properties
raw data was saved to  ./tmp/rawdata_rep1_sigma100_lamda0.000000_set120.dat
trainin/test split: 0.0018265247344970703
kernel matrix: 36.179572343826294
alphas calculation: 0.7557454109191895
calculating new properties
raw data was saved to  ./tmp/rawdata_rep1_sigma100_lamda0.000000_set300.dat
trainin/test split: 0.0018177032470703125
kernel matrix: 145.00639724731445
alphas calculation: 1.1339077949523926
calculating new properties
raw data was saved to  ./tmp/rawdata_rep1_sigma100_lamda0.000000_set600.dat
trainin/test split: 0.0017626285552978516
kernel matrix: 902.1272807121277
alphas calculation: 1.9123008251190186
calculating new properties
raw data was saved to  ./tmp/rawdata_rep1_sigma100_lamda0.000000_set1500.dat
trainin/test split: 0.0017056465148925781
kernel matrix: 3600.2425196170807
alphas calculation: 0.8733184337615967
calculating new properties
raw data was saved to  ./tmp/rawdata_rep1_sigma100_lamda0.000000_set3000.dat
trainin/test split: 0.0015990734100341797
kernel matrix: 0.009482383728027344
alphas calculation: 0.0002944469451904297
calculating new properties
raw data was saved to  ./tmp/rawdata_rep1_sigma120_lamda0.000000_set5.dat
trainin/test split: 0.0018069744110107422
kernel matrix: 0.03674578666687012
alphas calculation: 9.274482727050781e-05
calculating new properties
raw data was saved to  ./tmp/rawdata_rep1_sigma120_lamda0.000000_set10.dat
trainin/test split: 0.001857757568359375
kernel matrix: 0.23291683197021484
alphas calculation: 0.00014829635620117188
calculating new properties
raw data was saved to  ./tmp/rawdata_rep1_sigma120_lamda0.000000_set25.dat
trainin/test split: 0.001825094223022461
kernel matrix: 1.889556884765625
alphas calculation: 0.0002460479736328125
calculating new properties
raw data was saved to  ./tmp/rawdata_rep1_sigma120_lamda0.000000_set70.dat
trainin/test split: 0.0018224716186523438
kernel matrix: 5.730488300323486
alphas calculation: 0.008656024932861328
calculating new properties
raw data was saved to  ./tmp/rawdata_rep1_sigma120_lamda0.000000_set120.dat
trainin/test split: 0.0018949508666992188
kernel matrix: 36.200305700302124
alphas calculation: 0.020061492919921875
calculating new properties
raw data was saved to  ./tmp/rawdata_rep1_sigma120_lamda0.000000_set300.dat
trainin/test split: 0.0019235610961914062
kernel matrix: 143.42978644371033
alphas calculation: 0.03868508338928223
calculating new properties
raw data was saved to  ./tmp/rawdata_rep1_sigma120_lamda0.000000_set600.dat
trainin/test split: 0.0017461776733398438
kernel matrix: 895.9590997695923
alphas calculation: 0.15200424194335938
calculating new properties
raw data was saved to  ./tmp/rawdata_rep1_sigma120_lamda0.000000_set1500.dat
trainin/test split: 0.0017387866973876953
kernel matrix: 3580.5781157016754
alphas calculation: 2.9888975620269775
calculating new properties
raw data was saved to  ./tmp/rawdata_rep1_sigma120_lamda0.000000_set3000.dat
trainin/test split: 0.0017414093017578125
kernel matrix: 0.010377883911132812
alphas calculation: 0.00031447410583496094
calculating new properties
raw data was saved to  ./tmp/rawdata_rep1_sigma140_lamda0.000000_set5.dat
trainin/test split: 0.001852273941040039
kernel matrix: 0.03730416297912598
alphas calculation: 0.008099079132080078
calculating new properties
raw data was saved to  ./tmp/rawdata_rep1_sigma140_lamda0.000000_set10.dat
trainin/test split: 0.0018107891082763672
kernel matrix: 0.26569342613220215
alphas calculation: 0.000152587890625
calculating new properties
raw data was saved to  ./tmp/rawdata_rep1_sigma140_lamda0.000000_set25.dat
trainin/test split: 0.0019140243530273438
kernel matrix: 2.090083360671997
alphas calculation: 0.003160238265991211
calculating new properties
raw data was saved to  ./tmp/rawdata_rep1_sigma140_lamda0.000000_set70.dat
trainin/test split: 0.0019588470458984375
kernel matrix: 5.605100870132446
alphas calculation: 0.19808554649353027
calculating new properties
raw data was saved to  ./tmp/rawdata_rep1_sigma140_lamda0.000000_set120.dat
trainin/test split: 0.0017938613891601562
kernel matrix: 36.887699842453
alphas calculation: 0.05871415138244629
calculating new properties
raw data was saved to  ./tmp/rawdata_rep1_sigma140_lamda0.000000_set300.dat
trainin/test split: 0.0018227100372314453
kernel matrix: 145.40525126457214
alphas calculation: 0.1746540069580078
calculating new properties
raw data was saved to  ./tmp/rawdata_rep1_sigma140_lamda0.000000_set600.dat
trainin/test split: 0.0018088817596435547
kernel matrix: 901.543130159378
alphas calculation: 0.11396908760070801
calculating new properties
raw data was saved to  ./tmp/rawdata_rep1_sigma140_lamda0.000000_set1500.dat
trainin/test split: 0.0018241405487060547
kernel matrix: 3577.948266029358
alphas calculation: 1.6074895858764648
calculating new properties
raw data was saved to  ./tmp/rawdata_rep1_sigma140_lamda0.000000_set3000.dat
round 2 successfully finished
trainin/test split: 0.0016543865203857422
kernel matrix: 0.011095523834228516
alphas calculation: 0.0004343986511230469
calculating new properties
raw data was saved to  ./tmp/rawdata_rep2_sigma80_lamda0.000000_set5.dat
trainin/test split: 0.002462148666381836
kernel matrix: 0.03970479965209961
alphas calculation: 9.989738464355469e-05
calculating new properties
raw data was saved to  ./tmp/rawdata_rep2_sigma80_lamda0.000000_set10.dat
trainin/test split: 0.0018970966339111328
kernel matrix: 0.2640817165374756
alphas calculation: 0.0001609325408935547
calculating new properties
raw data was saved to  ./tmp/rawdata_rep2_sigma80_lamda0.000000_set25.dat
trainin/test split: 0.0018758773803710938
kernel matrix: 2.043606996536255
alphas calculation: 0.0002770423889160156
calculating new properties
raw data was saved to  ./tmp/rawdata_rep2_sigma80_lamda0.000000_set70.dat
trainin/test split: 0.0018184185028076172
kernel matrix: 5.892398357391357
alphas calculation: 0.18119382858276367
calculating new properties
raw data was saved to  ./tmp/rawdata_rep2_sigma80_lamda0.000000_set120.dat
trainin/test split: 0.0018095970153808594
kernel matrix: 36.654932737350464
alphas calculation: 0.6065769195556641
calculating new properties
raw data was saved to  ./tmp/rawdata_rep2_sigma80_lamda0.000000_set300.dat
trainin/test split: 0.0019290447235107422
kernel matrix: 146.667085647583
alphas calculation: 1.428783893585205
calculating new properties
raw data was saved to  ./tmp/rawdata_rep2_sigma80_lamda0.000000_set600.dat
trainin/test split: 0.008678674697875977
kernel matrix: 921.4066381454468
alphas calculation: 2.323005437850952
calculating new properties
raw data was saved to  ./tmp/rawdata_rep2_sigma80_lamda0.000000_set1500.dat
trainin/test split: 0.006552457809448242
kernel matrix: 3648.1321516036987
alphas calculation: 4.689651012420654
calculating new properties
raw data was saved to  ./tmp/rawdata_rep2_sigma80_lamda0.000000_set3000.dat
trainin/test split: 0.010628223419189453
kernel matrix: 0.013888835906982422
alphas calculation: 0.0004220008850097656
calculating new properties
raw data was saved to  ./tmp/rawdata_rep2_sigma100_lamda0.000000_set5.dat
trainin/test split: 0.001775979995727539
kernel matrix: 0.03840780258178711
alphas calculation: 9.465217590332031e-05
calculating new properties
raw data was saved to  ./tmp/rawdata_rep2_sigma100_lamda0.000000_set10.dat
trainin/test split: 0.0018172264099121094
kernel matrix: 0.2624781131744385
alphas calculation: 0.0001690387725830078
calculating new properties
raw data was saved to  ./tmp/rawdata_rep2_sigma100_lamda0.000000_set25.dat
trainin/test split: 0.00177001953125
kernel matrix: 1.9776525497436523
alphas calculation: 0.005864858627319336
calculating new properties
raw data was saved to  ./tmp/rawdata_rep2_sigma100_lamda0.000000_set70.dat
trainin/test split: 0.00182342529296875
kernel matrix: 5.653791666030884
alphas calculation: 0.08781695365905762
calculating new properties
raw data was saved to  ./tmp/rawdata_rep2_sigma100_lamda0.000000_set120.dat
trainin/test split: 0.0018432140350341797
kernel matrix: 36.151854038238525
alphas calculation: 0.6260373592376709
calculating new properties
raw data was saved to  ./tmp/rawdata_rep2_sigma100_lamda0.000000_set300.dat
trainin/test split: 0.0019032955169677734
kernel matrix: 143.7317521572113
alphas calculation: 1.2511115074157715
calculating new properties
raw data was saved to  ./tmp/rawdata_rep2_sigma100_lamda0.000000_set600.dat
trainin/test split: 0.0018291473388671875
kernel matrix: 906.7429664134979
alphas calculation: 0.6556639671325684
calculating new properties
raw data was saved to  ./tmp/rawdata_rep2_sigma100_lamda0.000000_set1500.dat
trainin/test split: 0.001790761947631836
kernel matrix: 3616.825220823288
alphas calculation: 2.869438886642456
calculating new properties
raw data was saved to  ./tmp/rawdata_rep2_sigma100_lamda0.000000_set3000.dat
trainin/test split: 0.0016388893127441406
kernel matrix: 0.009454488754272461
alphas calculation: 0.0002770423889160156
calculating new properties
raw data was saved to  ./tmp/rawdata_rep2_sigma120_lamda0.000000_set5.dat
trainin/test split: 0.0017862319946289062
kernel matrix: 0.03671884536743164
alphas calculation: 0.00010204315185546875
calculating new properties
raw data was saved to  ./tmp/rawdata_rep2_sigma120_lamda0.000000_set10.dat
trainin/test split: 0.0019488334655761719
kernel matrix: 0.2515389919281006
alphas calculation: 0.00016260147094726562
calculating new properties
raw data was saved to  ./tmp/rawdata_rep2_sigma120_lamda0.000000_set25.dat
trainin/test split: 0.001817464828491211
kernel matrix: 1.9512555599212646
alphas calculation: 0.0053594112396240234
calculating new properties
raw data was saved to  ./tmp/rawdata_rep2_sigma120_lamda0.000000_set70.dat
trainin/test split: 0.0017299652099609375
kernel matrix: 5.937277555465698
alphas calculation: 0.07597756385803223
calculating new properties
raw data was saved to  ./tmp/rawdata_rep2_sigma120_lamda0.000000_set120.dat
trainin/test split: 0.0019519329071044922
kernel matrix: 35.68776321411133
alphas calculation: 0.383953332901001
calculating new properties
raw data was saved to  ./tmp/rawdata_rep2_sigma120_lamda0.000000_set300.dat
trainin/test split: 0.0017628669738769531
kernel matrix: 145.3716003894806
alphas calculation: 0.05571913719177246
calculating new properties
raw data was saved to  ./tmp/rawdata_rep2_sigma120_lamda0.000000_set600.dat
trainin/test split: 0.0018885135650634766
kernel matrix: 905.6942903995514
alphas calculation: 0.19024133682250977
calculating new properties
raw data was saved to  ./tmp/rawdata_rep2_sigma120_lamda0.000000_set1500.dat
trainin/test split: 0.0017511844635009766
kernel matrix: 3599.319831609726
alphas calculation: 0.7055096626281738
calculating new properties
raw data was saved to  ./tmp/rawdata_rep2_sigma120_lamda0.000000_set3000.dat
trainin/test split: 0.0016393661499023438
kernel matrix: 0.009633302688598633
alphas calculation: 0.00028324127197265625
calculating new properties
raw data was saved to  ./tmp/rawdata_rep2_sigma140_lamda0.000000_set5.dat
trainin/test split: 0.0018105506896972656
kernel matrix: 0.03819847106933594
alphas calculation: 0.00010132789611816406
calculating new properties
raw data was saved to  ./tmp/rawdata_rep2_sigma140_lamda0.000000_set10.dat
trainin/test split: 0.0019266605377197266
kernel matrix: 0.26683855056762695
alphas calculation: 0.00016951560974121094
calculating new properties
raw data was saved to  ./tmp/rawdata_rep2_sigma140_lamda0.000000_set25.dat
trainin/test split: 0.0018579959869384766
kernel matrix: 1.9353086948394775
alphas calculation: 0.0003044605255126953
calculating new properties
raw data was saved to  ./tmp/rawdata_rep2_sigma140_lamda0.000000_set70.dat
trainin/test split: 0.0018749237060546875
kernel matrix: 5.86358642578125
alphas calculation: 0.04077482223510742
calculating new properties
raw data was saved to  ./tmp/rawdata_rep2_sigma140_lamda0.000000_set120.dat
trainin/test split: 0.00185394287109375
kernel matrix: 35.3536376953125
alphas calculation: 0.34677791595458984
calculating new properties
raw data was saved to  ./tmp/rawdata_rep2_sigma140_lamda0.000000_set300.dat
trainin/test split: 0.0018074512481689453
kernel matrix: 143.97840213775635
alphas calculation: 1.3090314865112305
calculating new properties
raw data was saved to  ./tmp/rawdata_rep2_sigma140_lamda0.000000_set600.dat
trainin/test split: 0.0018055438995361328
kernel matrix: 905.4588973522186
alphas calculation: 1.6302769184112549
calculating new properties
raw data was saved to  ./tmp/rawdata_rep2_sigma140_lamda0.000000_set1500.dat
trainin/test split: 0.0017085075378417969
kernel matrix: 3633.95867228508
alphas calculation: 1.5328333377838135
calculating new properties
raw data was saved to  ./tmp/rawdata_rep2_sigma140_lamda0.000000_set3000.dat
round 3 successfully finished
compounds have been stored to  ./Pickled/Kernel_Results/BOB_QM7_3reps
Traceback (most recent call last):
  File "trial_kernel.py", line 26, in <module>
    sys.exit()
NameError: name 'sys' is not defined
